2022-08-28 05:26:33,328  INFO [main] DryRun:24 - Browser is closed
2022-08-28 05:41:54,780  INFO [main] BaseTest:45 - Connecting with Chrome Browser
2022-08-28 05:41:55,506  INFO [main] BaseTest:38 - Opening the URL
2022-08-28 05:41:55,968  INFO [main] DryRun:24 - Browser is closed
2022-08-28 05:42:58,596  INFO [main] BaseTest:45 - Connecting with Chrome Browser
2022-08-28 05:43:00,889  INFO [main] BaseTest:38 - Opening the URL
2022-08-28 05:43:01,758  INFO [main] DryRun:24 - Browser is closed
2022-08-28 05:47:13,028  INFO [main] BaseTest:45 - Connecting with Chrome Browser
2022-08-28 05:47:15,142  INFO [main] BaseTest:38 - Opening the URL
2022-08-28 05:47:15,657  INFO [main] DryRun:24 - Browser is closed
2022-08-28 06:09:29,040  INFO [main] BaseTest:45 - Connecting with Chrome Browser
2022-08-28 06:09:30,627  INFO [main] BaseTest:38 - Opening the URL
2022-08-28 06:09:31,099  INFO [main] DryRun:24 - Browser is closed
2022-08-28 06:11:11,327  INFO [main] BaseTest:45 - Connecting with Chrome Browser
2022-08-28 06:11:12,834  INFO [main] BaseTest:38 - Opening the URL
2022-08-28 06:11:13,348  INFO [main] BaseTest:69 - Browser is closed
2022-08-28 06:12:48,352  INFO [main] BaseTest:45 - Connecting with Chrome Browser
2022-08-28 06:12:49,968  INFO [main] BaseTest:38 - Opening the URL
2022-08-28 06:12:50,461  INFO [main] BaseTest:69 - Browser is closed
2022-08-28 08:58:07,371  INFO [TestNG-tests-1] BaseTest:45 - Connecting with Chrome Browser
2022-08-28 08:58:10,538  INFO [TestNG-tests-1] BaseTest:38 - Opening the URL
2022-08-28 08:58:12,626  INFO [TestNG-tests-1] BaseTest:45 - Connecting with Chrome Browser
2022-08-28 08:58:14,965  INFO [TestNG-tests-1] BaseTest:38 - Opening the URL
2022-08-28 08:58:16,056  INFO [TestNG-tests-1] BaseTest:69 - Browser is closed
2022-08-28 08:58:16,570 DEBUG [main] cache:45 - Couldn't find template in cache for "Extent.ftl"("en_IN", UTF-8, parsed); will try to load it.
2022-08-28 08:58:16,573 DEBUG [main] cache:45 - TemplateLoader.findTemplateSource("Extent_en_IN.ftl"): Not found
2022-08-28 08:58:16,575 DEBUG [main] cache:45 - TemplateLoader.findTemplateSource("Extent_en.ftl"): Not found
2022-08-28 08:58:16,577 DEBUG [main] cache:45 - TemplateLoader.findTemplateSource("Extent.ftl"): Found
2022-08-28 08:58:16,578 DEBUG [main] cache:45 - Loading template for "Extent.ftl"("en_IN", UTF-8, parsed) from "jar:file:/C:/Users/shiva/.m2/repository/com/relevantcodes/extentreports/2.41.2/extentreports-2.41.2.jar!/com/relevantcodes/extentreports/view/Extent.ftl"
2022-08-28 08:58:17,127 DEBUG [main] cache:45 - Couldn't find template in cache for "Extent.ftl"("en_IN", UTF-8, parsed); will try to load it.
2022-08-28 08:58:17,129 DEBUG [main] cache:45 - TemplateLoader.findTemplateSource("Extent_en_IN.ftl"): Not found
2022-08-28 08:58:17,130 DEBUG [main] cache:45 - TemplateLoader.findTemplateSource("Extent_en.ftl"): Not found
2022-08-28 08:58:17,131 DEBUG [main] cache:45 - TemplateLoader.findTemplateSource("Extent.ftl"): Found
2022-08-28 08:58:17,132 DEBUG [main] cache:45 - Loading template for "Extent.ftl"("en_IN", UTF-8, parsed) from "jar:file:/C:/Users/shiva/.m2/repository/com/relevantcodes/extentreports/2.41.2/extentreports-2.41.2.jar!/com/relevantcodes/extentreports/view/Extent.ftl"
2022-08-28 09:08:42,871  INFO [main] BaseTest:45 - Connecting with Chrome Browser
2022-08-28 09:08:43,262  INFO [main] BaseTest:38 - Opening the URL
2022-08-28 09:08:43,912  INFO [main] BaseTest:69 - Browser is closed
2022-08-28 09:16:16,764  INFO [main] BaseTest:45 - Connecting with Chrome Browser
2022-08-28 09:16:17,203  INFO [main] BaseTest:38 - Opening the URL
2022-08-28 09:16:17,900  INFO [main] BaseTest:69 - Browser is closed
2022-08-28 09:22:39,982  INFO [main] BaseTest:45 - Connecting with Chrome Browser
2022-08-28 09:22:40,421  INFO [main] BaseTest:38 - Opening the URL
2022-08-28 09:22:41,074  INFO [main] BaseTest:69 - Browser is closed
2022-08-28 09:23:37,047  INFO [main] BaseTest:45 - Connecting with Chrome Browser
2022-08-28 09:23:37,511  INFO [main] BaseTest:38 - Opening the URL
2022-08-28 09:23:38,108  INFO [main] BaseTest:69 - Browser is closed
2022-08-28 09:24:21,670  INFO [main] BaseTest:45 - Connecting with Chrome Browser
2022-08-28 09:24:22,106  INFO [main] BaseTest:38 - Opening the URL
2022-08-28 09:24:22,769  INFO [main] BaseTest:69 - Browser is closed
2022-08-28 09:25:20,562  INFO [main] BaseTest:45 - Connecting with Chrome Browser
2022-08-28 09:25:21,013  INFO [main] BaseTest:38 - Opening the URL
2022-08-28 09:25:26,510  INFO [main] BaseTest:69 - Browser is closed
2022-08-28 09:25:37,002  INFO [main] BaseTest:45 - Connecting with Chrome Browser
2022-08-28 09:25:37,377  INFO [main] BaseTest:38 - Opening the URL
2022-08-28 09:25:42,990  INFO [main] BaseTest:69 - Browser is closed
2022-08-28 09:25:57,834  INFO [main] BaseTest:45 - Connecting with Chrome Browser
2022-08-28 09:25:58,350  INFO [main] BaseTest:38 - Opening the URL
2022-08-28 09:26:08,916  INFO [main] BaseTest:69 - Browser is closed
2022-08-28 09:26:16,421  INFO [main] BaseTest:45 - Connecting with Chrome Browser
2022-08-28 09:26:16,921  INFO [main] BaseTest:38 - Opening the URL
2022-08-28 09:26:27,584  INFO [main] BaseTest:69 - Browser is closed
2022-08-28 09:26:43,879  INFO [main] BaseTest:45 - Connecting with Chrome Browser
2022-08-28 09:26:44,292  INFO [main] BaseTest:38 - Opening the URL
2022-08-28 09:26:54,832  INFO [main] BaseTest:69 - Browser is closed
2022-08-28 09:28:11,667  INFO [main] BaseTest:45 - Connecting with Chrome Browser
2022-08-28 09:28:12,138  INFO [main] BaseTest:38 - Opening the URL
2022-08-28 09:28:22,904  INFO [main] BaseTest:69 - Browser is closed
2022-08-28 18:19:53,737  INFO [main] BaseTest:45 - Connecting with Chrome Browser
2022-08-28 18:19:55,657  INFO [main] BaseTest:38 - Opening the URL
2022-08-28 18:20:21,762  INFO [main] BaseTest:45 - Connecting with Chrome Browser
2022-08-28 18:20:23,815  INFO [main] BaseTest:38 - Opening the URL
